<?xml version="1.0" encoding="UTF-8"?>
<!-- Generated by org.testng.reporters.JUnitReportReporter -->
<testsuite skipped="0" hostname="Madesh" name="testcases.DeleteOneProduct" tests="2" failures="0" timestamp="25 Nov 2022 01:04:06 GMT" time="3.586" errors="0">
  <testcase name="deleteOneProduct" time="3.206" classname="testcases.DeleteOneProduct"/>
  <testcase name="readOneUpdatedProduct" time="0.380" classname="testcases.DeleteOneProduct"/>
</testsuite> <!-- testcases.DeleteOneProduct -->
