<?xml version="1.0" encoding="UTF-8"?>
<!-- Generated by org.testng.reporters.JUnitReportReporter -->
<testsuite skipped="0" hostname="Madesh" name="testcases.ReadOneProduct" tests="1" failures="0" timestamp="23 Nov 2022 03:57:07 GMT" time="3.810" errors="0">
  <testcase name="readONEproduct" time="3.810" classname="testcases.ReadOneProduct"/>
</testsuite> <!-- testcases.ReadOneProduct -->
