<?xml version="1.0" encoding="UTF-8"?>
<!-- Generated by org.testng.reporters.JUnitReportReporter -->
<testsuite skipped="0" hostname="Madesh" name="testcases.UpdateoneProductAdvance$UpdateOneProductAdvanced" tests="4" failures="0" timestamp="23 Nov 2022 04:16:56 GMT" time="8.906" errors="0">
  <testcase name="createOneProduct" time="4.124" classname="testcases.UpdateoneProductAdvance$UpdateOneProductAdvanced"/>
  <testcase name="readAllProducts" time="2.378" classname="testcases.UpdateoneProductAdvance$UpdateOneProductAdvanced"/>
  <testcase name="uapdateOneProduct" time="1.364" classname="testcases.UpdateoneProductAdvance$UpdateOneProductAdvanced"/>
  <testcase name="readOneUpdatedProduct" time="1.040" classname="testcases.UpdateoneProductAdvance$UpdateOneProductAdvanced"/>
</testsuite> <!-- testcases.UpdateoneProductAdvance$UpdateOneProductAdvanced -->
