<?xml version="1.0" encoding="UTF-8"?>
<!-- Generated by org.testng.reporters.JUnitReportReporter -->
<testsuite skipped="0" hostname="Madesh" name="testcases.CreateOneProduct" tests="1" failures="0" timestamp="20 Nov 2022 18:10:22 GMT" time="2.276" errors="0">
  <testcase name="CreateProduct" time="2.276" classname="testcases.CreateOneProduct"/>
</testsuite> <!-- testcases.CreateOneProduct -->
