<?xml version="1.0" encoding="UTF-8"?>
<!-- Generated by org.testng.reporters.JUnitReportReporter -->
<testsuite skipped="0" hostname="Madesh" name="testcases.ReadAllproducts" tests="1" failures="0" timestamp="23 Nov 2022 04:16:35 GMT" time="4.118" errors="0">
  <testcase name="readAllproducts" time="4.118" classname="testcases.ReadAllproducts"/>
</testsuite> <!-- testcases.ReadAllproducts -->
