<?xml version="1.0" encoding="UTF-8"?>
<!-- Generated by org.testng.reporters.JUnitReportReporter -->
<testsuite skipped="0" hostname="Madesh" name="testcases.CreateONEwithFILE" tests="3" failures="0" timestamp="23 Nov 2022 04:15:42 GMT" time="9.609" errors="0">
  <testcase name="CreateProduct" time="4.368" classname="testcases.CreateONEwithFILE"/>
  <testcase name="readallProduct" time="3.792" classname="testcases.CreateONEwithFILE"/>
  <testcase name="readONEproduct" time="1.449" classname="testcases.CreateONEwithFILE"/>
</testsuite> <!-- testcases.CreateONEwithFILE -->
