<?xml version="1.0" encoding="UTF-8"?>
<!-- Generated by org.testng.reporters.JUnitReportReporter -->
<testsuite skipped="0" hostname="Madesh" name="testcases.CreateOneProductwithMAP" tests="3" failures="0" timestamp="23 Nov 2022 04:10:05 GMT" time="5.714" errors="0">
  <testcase name="CreateProduct" time="3.701" classname="testcases.CreateOneProductwithMAP"/>
  <testcase name="readallProduct" time="1.666" classname="testcases.CreateOneProductwithMAP"/>
  <testcase name="readONEproduct" time="0.347" classname="testcases.CreateOneProductwithMAP"/>
</testsuite> <!-- testcases.CreateOneProductwithMAP -->
